<?xml version="1.0" encoding="UTF-8"?>
<testsuite xmlns:xsi="http://www.w3.org/2001/XMLSchema-instance" xsi:noNamespaceSchemaLocation="https://maven.apache.org/surefire/maven-surefire-plugin/xsd/surefire-test-report.xsd" name="it.vinicioflamini.omt.notification.test.GoodsShippedEventListenerIntegrationTest" time="16.311" tests="1" errors="0" skipped="0" failures="0">
  <properties>
[...]
</properties>
  <testcase name="testMessageSendShipmentProcessed" classname="it.vinicioflamini.omt.notification.test.GoodsShippedEventListenerIntegrationTest" time="0.251"/>
</testsuite>