<?xml version="1.0" encoding="UTF-8"?>
<testsuite xmlns:xsi="http://www.w3.org/2001/XMLSchema-instance" xsi:noNamespaceSchemaLocation="https://maven.apache.org/surefire/maven-surefire-plugin/xsd/surefire-test-report.xsd" name="it.vinicioflamini.omt.shipping.integration.test.ShipmentServiceIntegrationTest" time="12.047" tests="2" errors="0" skipped="0" failures="0">
  <properties>
[...]
</properties>
  <testcase name="testCreateShipmentException" classname="it.vinicioflamini.omt.shipping.integration.test.ShipmentServiceIntegrationTest" time="5.975"/>
  <testcase name="testCreateShipmentOkThenPublishShipmentReceivedEventElsePublishShipmentFailedEvent" classname="it.vinicioflamini.omt.shipping.integration.test.ShipmentServiceIntegrationTest" time="0.188"/>
</testsuite>